# JRE version: OpenJDK Runtime Environment Temurin-17.0.9+9 (17.0.9+9) (build 17.0.9+9)
# Java VM: OpenJDK 64-Bit Server VM Temurin-17.0.9+9 (17.0.9+9, mixed mode, tiered, compressed oops, compressed class ptrs, parallel gc, bsd-amd64)
GC Precious Log:
 CPUs: 8 total, 8 available
 Memory: 16384M
 Large Page Support: Disabled
 NUMA Support: Disabled
 Compressed Oops: Enabled (Zero based)
 Alignments: Space 512K, Generation 512K, Heap 2M
 Heap Min Capacity: 100M
 Heap Initial Capacity: 100M
 Heap Max Capacity: 1G
 Pre-touch: Disabled
 Parallel Workers: 8
Heap:
 PSYoungGen      total 24064K, used 22849K [0x00000007eab00000, 0x00000007ec980000, 0x0000000800000000)
  eden space 22016K, 94% used [0x00000007eab00000,0x00000007ebf54c20,0x00000007ec080000)
  from space 2048K, 99% used [0x00000007ec180000,0x00000007ec37bbc8,0x00000007ec380000)
  to   space 4608K, 0% used [0x00000007ec500000,0x00000007ec500000,0x00000007ec980000)
 ParOldGen       total 68608K, used 20348K [0x00000007c0000000, 0x00000007c4300000, 0x00000007eab00000)
  object space 68608K, 29% used [0x00000007c0000000,0x00000007c13df3f0,0x00000007c4300000)
 Metaspace       used 54076K, committed 55040K, reserved 1114112K
  class space    used 6000K, committed 6400K, reserved 1048576K
GC Heap History (20 events):
Event: 17.268 GC heap before
{Heap before GC invocations=10 (full 1):
 PSYoungGen      total 27136K, used 27022K [0x00000007eab00000, 0x00000007eca80000, 0x0000000800000000)
  eden space 24064K, 100% used [0x00000007eab00000,0x00000007ec280000,0x00000007ec280000)
  from space 3072K, 96% used [0x00000007ec780000,0x00000007eca63908,0x00000007eca80000)
  to   space 3584K, 0% used [0x00000007ec380000,0x00000007ec380000,0x00000007ec700000)
 ParOldGen       total 68608K, used 11818K [0x00000007c0000000, 0x00000007c4300000, 0x00000007eab00000)
  object space 68608K, 17% used [0x00000007c0000000,0x00000007c0b8a9c0,0x00000007c4300000)
 Metaspace       used 34051K, committed 34688K, reserved 1114112K
  class space    used 3467K, committed 3776K, reserved 1048576K
}
Event: 17.270 GC heap after
{Heap after GC invocations=10 (full 1):
 PSYoungGen      total 26624K, used 2674K [0x00000007eab00000, 0x00000007ec800000, 0x0000000800000000)
  eden space 23552K, 0% used [0x00000007eab00000,0x00000007eab00000,0x00000007ec200000)
  from space 3072K, 87% used [0x00000007ec380000,0x00000007ec61cb30,0x00000007ec680000)
  to   space 1536K, 0% used [0x00000007ec680000,0x00000007ec680000,0x00000007ec800000)
 ParOldGen       total 68608K, used 12461K [0x00000007c0000000, 0x00000007c4300000, 0x00000007eab00000)
  object space 68608K, 18% used [0x00000007c0000000,0x00000007c0c2b688,0x00000007c4300000)
 Metaspace       used 34051K, committed 34688K, reserved 1114112K
  class space    used 3467K, committed 3776K, reserved 1048576K
}
Event: 17.576 GC heap before
{Heap before GC invocations=11 (full 1):
 PSYoungGen      total 26624K, used 18892K [0x00000007eab00000, 0x00000007ec800000, 0x0000000800000000)
  eden space 23552K, 68% used [0x00000007eab00000,0x00000007ebad6768,0x00000007ec200000)
  from space 3072K, 87% used [0x00000007ec380000,0x00000007ec61cb30,0x00000007ec680000)
  to   space 1536K, 0% used [0x00000007ec680000,0x00000007ec680000,0x00000007ec800000)
 ParOldGen       total 68608K, used 12461K [0x00000007c0000000, 0x00000007c4300000, 0x00000007eab00000)
  object space 68608K, 18% used [0x00000007c0000000,0x00000007c0c2b688,0x00000007c4300000)
 Metaspace       used 35187K, committed 35840K, reserved 1114112K
  class space    used 3598K, committed 3904K, reserved 1048576K
}
Event: 17.579 GC heap after
{Heap after GC invocations=11 (full 1):
 PSYoungGen      total 24576K, used 859K [0x00000007eab00000, 0x00000007ec780000, 0x0000000800000000)
  eden space 23552K, 0% used [0x00000007eab00000,0x00000007eab00000,0x00000007ec200000)
  from space 1024K, 83% used [0x00000007ec680000,0x00000007ec756f38,0x00000007ec780000)
  to   space 2048K, 0% used [0x00000007ec380000,0x00000007ec380000,0x00000007ec580000)
 ParOldGen       total 68608K, used 14669K [0x00000007c0000000, 0x00000007c4300000, 0x00000007eab00000)
  object space 68608K, 21% used [0x00000007c0000000,0x00000007c0e53448,0x00000007c4300000)
 Metaspace       used 35187K, committed 35840K, reserved 1114112K
  class space    used 3598K, committed 3904K, reserved 1048576K
}
Event: 17.579 GC heap before
{Heap before GC invocations=12 (full 2):
 PSYoungGen      total 24576K, used 859K [0x00000007eab00000, 0x00000007ec780000, 0x0000000800000000)
  eden space 23552K, 0% used [0x00000007eab00000,0x00000007eab00000,0x00000007ec200000)
  from space 1024K, 83% used [0x00000007ec680000,0x00000007ec756f38,0x00000007ec780000)
  to   space 2048K, 0% used [0x00000007ec380000,0x00000007ec380000,0x00000007ec580000)
 ParOldGen       total 68608K, used 14669K [0x00000007c0000000, 0x00000007c4300000, 0x00000007eab00000)
  object space 68608K, 21% used [0x00000007c0000000,0x00000007c0e53448,0x00000007c4300000)
 Metaspace       used 35187K, committed 35840K, reserved 1114112K
  class space    used 3598K, committed 3904K, reserved 1048576K
}
Event: 17.622 GC heap after
{Heap after GC invocations=12 (full 2):
 PSYoungGen      total 24576K, used 0K [0x00000007eab00000, 0x00000007ec780000, 0x0000000800000000)
  eden space 23552K, 0% used [0x00000007eab00000,0x00000007eab00000,0x00000007ec200000)
  from space 1024K, 0% used [0x00000007ec680000,0x00000007ec680000,0x00000007ec780000)
  to   space 2048K, 0% used [0x00000007ec380000,0x00000007ec380000,0x00000007ec580000)
 ParOldGen       total 68608K, used 12713K [0x00000007c0000000, 0x00000007c4300000, 0x00000007eab00000)
  object space 68608K, 18% used [0x00000007c0000000,0x00000007c0c6a460,0x00000007c4300000)
 Metaspace       used 35174K, committed 35840K, reserved 1114112K
  class space    used 3594K, committed 3904K, reserved 1048576K
}
Event: 18.995 GC heap before
{Heap before GC invocations=13 (full 2):
 PSYoungGen      total 24576K, used 23552K [0x00000007eab00000, 0x00000007ec780000, 0x0000000800000000)
  eden space 23552K, 100% used [0x00000007eab00000,0x00000007ec200000,0x00000007ec200000)
  from space 1024K, 0% used [0x00000007ec680000,0x00000007ec680000,0x00000007ec780000)
  to   space 2048K, 0% used [0x00000007ec380000,0x00000007ec380000,0x00000007ec580000)
 ParOldGen       total 68608K, used 12713K [0x00000007c0000000, 0x00000007c4300000, 0x00000007eab00000)
  object space 68608K, 18% used [0x00000007c0000000,0x00000007c0c6a460,0x00000007c4300000)
 Metaspace       used 37670K, committed 38400K, reserved 1114112K
  class space    used 3885K, committed 4224K, reserved 1048576K
}
Event: 18.996 GC heap after
{Heap after GC invocations=13 (full 2):
 PSYoungGen      total 25088K, used 1171K [0x00000007eab00000, 0x00000007ec700000, 0x0000000800000000)
  eden space 23040K, 0% used [0x00000007eab00000,0x00000007eab00000,0x00000007ec180000)
  from space 2048K, 57% used [0x00000007ec380000,0x00000007ec4a4df0,0x00000007ec580000)
  to   space 1536K, 0% used [0x00000007ec580000,0x00000007ec580000,0x00000007ec700000)
 ParOldGen       total 68608K, used 12721K [0x00000007c0000000, 0x00000007c4300000, 0x00000007eab00000)
  object space 68608K, 18% used [0x00000007c0000000,0x00000007c0c6c460,0x00000007c4300000)
 Metaspace       used 37670K, committed 38400K, reserved 1114112K
  class space    used 3885K, committed 4224K, reserved 1048576K
}
Event: 19.708 GC heap before
{Heap before GC invocations=14 (full 2):
 PSYoungGen      total 25088K, used 24211K [0x00000007eab00000, 0x00000007ec700000, 0x0000000800000000)
  eden space 23040K, 100% used [0x00000007eab00000,0x00000007ec180000,0x00000007ec180000)
  from space 2048K, 57% used [0x00000007ec380000,0x00000007ec4a4df0,0x00000007ec580000)
  to   space 1536K, 0% used [0x00000007ec580000,0x00000007ec580000,0x00000007ec700000)
 ParOldGen       total 68608K, used 12721K [0x00000007c0000000, 0x00000007c4300000, 0x00000007eab00000)
  object space 68608K, 18% used [0x00000007c0000000,0x00000007c0c6c460,0x00000007c4300000)
 Metaspace       used 40271K, committed 41024K, reserved 1114112K
  class space    used 4212K, committed 4544K, reserved 1048576K
}
Event: 19.709 GC heap after
{Heap after GC invocations=14 (full 2):
 PSYoungGen      total 24064K, used 1027K [0x00000007eab00000, 0x00000007ec700000, 0x0000000800000000)
  eden space 22528K, 0% used [0x00000007eab00000,0x00000007eab00000,0x00000007ec100000)
  from space 1536K, 66% used [0x00000007ec580000,0x00000007ec680fe8,0x00000007ec700000)
  to   space 1536K, 0% used [0x00000007ec400000,0x00000007ec400000,0x00000007ec580000)
 ParOldGen       total 68608K, used 13730K [0x00000007c0000000, 0x00000007c4300000, 0x00000007eab00000)
  object space 68608K, 20% used [0x00000007c0000000,0x00000007c0d689f0,0x00000007c4300000)
 Metaspace       used 40271K, committed 41024K, reserved 1114112K
  class space    used 4212K, committed 4544K, reserved 1048576K
}
Event: 21.003 GC heap before
{Heap before GC invocations=15 (full 2):
 PSYoungGen      total 24064K, used 23555K [0x00000007eab00000, 0x00000007ec700000, 0x0000000800000000)
  eden space 22528K, 100% used [0x00000007eab00000,0x00000007ec100000,0x00000007ec100000)
  from space 1536K, 66% used [0x00000007ec580000,0x00000007ec680fe8,0x00000007ec700000)
  to   space 1536K, 0% used [0x00000007ec400000,0x00000007ec400000,0x00000007ec580000)
 ParOldGen       total 68608K, used 13730K [0x00000007c0000000, 0x00000007c4300000, 0x00000007eab00000)
  object space 68608K, 20% used [0x00000007c0000000,0x00000007c0d689f0,0x00000007c4300000)
 Metaspace       used 43064K, committed 43840K, reserved 1114112K
  class space    used 4594K, committed 4928K, reserved 1048576K
}
Event: 21.005 GC heap after
{Heap after GC invocations=15 (full 2):
 PSYoungGen      total 23040K, used 1024K [0x00000007eab00000, 0x00000007ec600000, 0x0000000800000000)
  eden space 22016K, 0% used [0x00000007eab00000,0x00000007eab00000,0x00000007ec080000)
  from space 1024K, 100% used [0x00000007ec400000,0x00000007ec500000,0x00000007ec500000)
  to   space 1024K, 0% used [0x00000007ec500000,0x00000007ec500000,0x00000007ec600000)
 ParOldGen       total 68608K, used 14646K [0x00000007c0000000, 0x00000007c4300000, 0x00000007eab00000)
  object space 68608K, 21% used [0x00000007c0000000,0x00000007c0e4d968,0x00000007c4300000)
 Metaspace       used 43064K, committed 43840K, reserved 1114112K
  class space    used 4594K, committed 4928K, reserved 1048576K
}
Event: 23.380 GC heap before
{Heap before GC invocations=16 (full 2):
 PSYoungGen      total 23040K, used 23040K [0x00000007eab00000, 0x00000007ec600000, 0x0000000800000000)
  eden space 22016K, 100% used [0x00000007eab00000,0x00000007ec080000,0x00000007ec080000)
  from space 1024K, 100% used [0x00000007ec400000,0x00000007ec500000,0x00000007ec500000)
  to   space 1024K, 0% used [0x00000007ec500000,0x00000007ec500000,0x00000007ec600000)
 ParOldGen       total 68608K, used 14646K [0x00000007c0000000, 0x00000007c4300000, 0x00000007eab00000)
  object space 68608K, 21% used [0x00000007c0000000,0x00000007c0e4d968,0x00000007c4300000)
 Metaspace       used 45797K, committed 46592K, reserved 1114112K
  class space    used 4948K, committed 5312K, reserved 1048576K
}
Event: 23.382 GC heap after
{Heap after GC invocations=16 (full 2):
 PSYoungGen      total 23040K, used 1024K [0x00000007eab00000, 0x00000007ec600000, 0x0000000800000000)
  eden space 22016K, 0% used [0x00000007eab00000,0x00000007eab00000,0x00000007ec080000)
  from space 1024K, 100% used [0x00000007ec500000,0x00000007ec600000,0x00000007ec600000)
  to   space 2560K, 0% used [0x00000007ec100000,0x00000007ec100000,0x00000007ec380000)
 ParOldGen       total 68608K, used 15850K [0x00000007c0000000, 0x00000007c4300000, 0x00000007eab00000)
  object space 68608K, 23% used [0x00000007c0000000,0x00000007c0f7abc8,0x00000007c4300000)
 Metaspace       used 45797K, committed 46592K, reserved 1114112K
  class space    used 4948K, committed 5312K, reserved 1048576K
}
Event: 24.633 GC heap before
{Heap before GC invocations=17 (full 2):
 PSYoungGen      total 23040K, used 23040K [0x00000007eab00000, 0x00000007ec600000, 0x0000000800000000)
  eden space 22016K, 100% used [0x00000007eab00000,0x00000007ec080000,0x00000007ec080000)
  from space 1024K, 100% used [0x00000007ec500000,0x00000007ec600000,0x00000007ec600000)
  to   space 2560K, 0% used [0x00000007ec100000,0x00000007ec100000,0x00000007ec380000)
 ParOldGen       total 68608K, used 15850K [0x00000007c0000000, 0x00000007c4300000, 0x00000007eab00000)
  object space 68608K, 23% used [0x00000007c0000000,0x00000007c0f7abc8,0x00000007c4300000)
 Metaspace       used 48665K, committed 49536K, reserved 1114112K
  class space    used 5341K, committed 5760K, reserved 1048576K
}
Event: 24.645 GC heap after
{Heap after GC invocations=17 (full 2):
 PSYoungGen      total 24576K, used 1590K [0x00000007eab00000, 0x00000007ec580000, 0x0000000800000000)
  eden space 22016K, 0% used [0x00000007eab00000,0x00000007eab00000,0x00000007ec080000)
  from space 2560K, 62% used [0x00000007ec100000,0x00000007ec28d998,0x00000007ec380000)
  to   space 2048K, 0% used [0x00000007ec380000,0x00000007ec380000,0x00000007ec580000)
 ParOldGen       total 68608K, used 16866K [0x00000007c0000000, 0x00000007c4300000, 0x00000007eab00000)
  object space 68608K, 24% used [0x00000007c0000000,0x00000007c10788c8,0x00000007c4300000)
 Metaspace       used 48665K, committed 49536K, reserved 1114112K
  class space    used 5341K, committed 5760K, reserved 1048576K
}
Event: 25.462 GC heap before
{Heap before GC invocations=18 (full 2):
 PSYoungGen      total 24576K, used 21684K [0x00000007eab00000, 0x00000007ec580000, 0x0000000800000000)
  eden space 22016K, 91% used [0x00000007eab00000,0x00000007ebe9f6a8,0x00000007ec080000)
  from space 2560K, 62% used [0x00000007ec100000,0x00000007ec28d998,0x00000007ec380000)
  to   space 2048K, 0% used [0x00000007ec380000,0x00000007ec380000,0x00000007ec580000)
 ParOldGen       total 68608K, used 16866K [0x00000007c0000000, 0x00000007c4300000, 0x00000007eab00000)
  object space 68608K, 24% used [0x00000007c0000000,0x00000007c10788c8,0x00000007c4300000)
 Metaspace       used 51215K, committed 52160K, reserved 1114112K
  class space    used 5636K, committed 6016K, reserved 1048576K
}
Event: 25.465 GC heap after
{Heap after GC invocations=18 (full 2):
 PSYoungGen      total 24064K, used 1904K [0x00000007eab00000, 0x00000007ec580000, 0x0000000800000000)
  eden space 22016K, 0% used [0x00000007eab00000,0x00000007eab00000,0x00000007ec080000)
  from space 2048K, 92% used [0x00000007ec380000,0x00000007ec55c010,0x00000007ec580000)
  to   space 2048K, 0% used [0x00000007ec180000,0x00000007ec180000,0x00000007ec380000)
 ParOldGen       total 68608K, used 18367K [0x00000007c0000000, 0x00000007c4300000, 0x00000007eab00000)
  object space 68608K, 26% used [0x00000007c0000000,0x00000007c11efc78,0x00000007c4300000)
 Metaspace       used 51215K, committed 52160K, reserved 1114112K
  class space    used 5636K, committed 6016K, reserved 1048576K
}
Event: 25.921 GC heap before
{Heap before GC invocations=19 (full 2):
 PSYoungGen      total 24064K, used 23920K [0x00000007eab00000, 0x00000007ec580000, 0x0000000800000000)
  eden space 22016K, 100% used [0x00000007eab00000,0x00000007ec080000,0x00000007ec080000)
  from space 2048K, 92% used [0x00000007ec380000,0x00000007ec55c010,0x00000007ec580000)
  to   space 2048K, 0% used [0x00000007ec180000,0x00000007ec180000,0x00000007ec380000)
 ParOldGen       total 68608K, used 18367K [0x00000007c0000000, 0x00000007c4300000, 0x00000007eab00000)
  object space 68608K, 26% used [0x00000007c0000000,0x00000007c11efc78,0x00000007c4300000)
 Metaspace       used 52206K, committed 53184K, reserved 1114112K
  class space    used 5774K, committed 6208K, reserved 1048576K
}
Event: 25.924 GC heap after
{Heap after GC invocations=19 (full 2):
 PSYoungGen      total 24064K, used 2030K [0x00000007eab00000, 0x00000007ec980000, 0x0000000800000000)
  eden space 22016K, 0% used [0x00000007eab00000,0x00000007eab00000,0x00000007ec080000)
  from space 2048K, 99% used [0x00000007ec180000,0x00000007ec37bbc8,0x00000007ec380000)
  to   space 4608K, 0% used [0x00000007ec500000,0x00000007ec500000,0x00000007ec980000)
 ParOldGen       total 68608K, used 20348K [0x00000007c0000000, 0x00000007c4300000, 0x00000007eab00000)
  object space 68608K, 29% used [0x00000007c0000000,0x00000007c13df3f0,0x00000007c4300000)
 Metaspace       used 52206K, committed 53184K, reserved 1114112K
  class space    used 5774K, committed 6208K, reserved 1048576K
}

