# JRE version: OpenJDK Runtime Environment Temurin-17.0.9+9 (17.0.9+9) (build 17.0.9+9)
# Java VM: OpenJDK 64-Bit Server VM Temurin-17.0.9+9 (17.0.9+9, mixed mode, tiered, compressed oops, compressed class ptrs, parallel gc, bsd-amd64)
GC Precious Log:
 CPUs: 8 total, 8 available
 Memory: 16384M
 Large Page Support: Disabled
 NUMA Support: Disabled
 Compressed Oops: Enabled (Zero based)
 Alignments: Space 512K, Generation 512K, Heap 2M
 Heap Min Capacity: 100M
 Heap Initial Capacity: 100M
 Heap Max Capacity: 1G
 Pre-touch: Disabled
 Parallel Workers: 8
Heap:
 PSYoungGen      total 21504K, used 2550K [0x00000007eab00000, 0x00000007ec600000, 0x0000000800000000)
  eden space 19968K, 5% used [0x00000007eab00000,0x00000007eac03a80,0x00000007ebe80000)
  from space 1536K, 98% used [0x00000007ec180000,0x00000007ec2f9df0,0x00000007ec300000)
  to   space 3072K, 0% used [0x00000007ebe80000,0x00000007ebe80000,0x00000007ec180000)
 ParOldGen       total 68608K, used 17117K [0x00000007c0000000, 0x00000007c4300000, 0x00000007eab00000)
  object space 68608K, 24% used [0x00000007c0000000,0x00000007c10b77c8,0x00000007c4300000)
 Metaspace       used 47939K, committed 48832K, reserved 1114112K
  class space    used 5256K, committed 5632K, reserved 1048576K
GC Heap History (20 events):
Event: 10.278 GC heap before
{Heap before GC invocations=7 (full 1):
 PSYoungGen      total 26624K, used 26456K [0x00000007eab00000, 0x00000007ec980000, 0x0000000800000000)
  eden space 25088K, 100% used [0x00000007eab00000,0x00000007ec380000,0x00000007ec380000)
  from space 1536K, 89% used [0x00000007ec400000,0x00000007ec556398,0x00000007ec580000)
  to   space 3072K, 0% used [0x00000007ec680000,0x00000007ec680000,0x00000007ec980000)
 ParOldGen       total 68608K, used 10511K [0x00000007c0000000, 0x00000007c4300000, 0x00000007eab00000)
  object space 68608K, 15% used [0x00000007c0000000,0x00000007c0a43e70,0x00000007c4300000)
 Metaspace       used 27441K, committed 28096K, reserved 1114112K
  class space    used 2859K, committed 3136K, reserved 1048576K
}
Event: 10.281 GC heap after
{Heap after GC invocations=7 (full 1):
 PSYoungGen      total 26112K, used 3070K [0x00000007eab00000, 0x00000007ecd00000, 0x0000000800000000)
  eden space 23040K, 0% used [0x00000007eab00000,0x00000007eab00000,0x00000007ec180000)
  from space 3072K, 99% used [0x00000007ec680000,0x00000007ec97fb18,0x00000007ec980000)
  to   space 5120K, 0% used [0x00000007ec180000,0x00000007ec180000,0x00000007ec680000)
 ParOldGen       total 68608K, used 11803K [0x00000007c0000000, 0x00000007c4300000, 0x00000007eab00000)
  object space 68608K, 17% used [0x00000007c0000000,0x00000007c0b86cb8,0x00000007c4300000)
 Metaspace       used 27441K, committed 28096K, reserved 1114112K
  class space    used 2859K, committed 3136K, reserved 1048576K
}
Event: 11.029 GC heap before
{Heap before GC invocations=8 (full 1):
 PSYoungGen      total 26112K, used 26110K [0x00000007eab00000, 0x00000007ecd00000, 0x0000000800000000)
  eden space 23040K, 100% used [0x00000007eab00000,0x00000007ec180000,0x00000007ec180000)
  from space 3072K, 99% used [0x00000007ec680000,0x00000007ec97fb18,0x00000007ec980000)
  to   space 5120K, 0% used [0x00000007ec180000,0x00000007ec180000,0x00000007ec680000)
 ParOldGen       total 68608K, used 11803K [0x00000007c0000000, 0x00000007c4300000, 0x00000007eab00000)
  object space 68608K, 17% used [0x00000007c0000000,0x00000007c0b86cb8,0x00000007c4300000)
 Metaspace       used 30475K, committed 31104K, reserved 1114112K
  class space    used 3083K, committed 3328K, reserved 1048576K
}
Event: 11.030 GC heap after
{Heap after GC invocations=8 (full 1):
 PSYoungGen      total 25600K, used 3008K [0x00000007eab00000, 0x00000007ec800000, 0x0000000800000000)
  eden space 22528K, 0% used [0x00000007eab00000,0x00000007eab00000,0x00000007ec100000)
  from space 3072K, 97% used [0x00000007ec180000,0x00000007ec4701b0,0x00000007ec480000)
  to   space 3584K, 0% used [0x00000007ec480000,0x00000007ec480000,0x00000007ec800000)
 ParOldGen       total 68608K, used 11811K [0x00000007c0000000, 0x00000007c4300000, 0x00000007eab00000)
  object space 68608K, 17% used [0x00000007c0000000,0x00000007c0b88cb8,0x00000007c4300000)
 Metaspace       used 30475K, committed 31104K, reserved 1114112K
  class space    used 3083K, committed 3328K, reserved 1048576K
}
Event: 11.567 GC heap before
{Heap before GC invocations=9 (full 1):
 PSYoungGen      total 25600K, used 25536K [0x00000007eab00000, 0x00000007ec800000, 0x0000000800000000)
  eden space 22528K, 100% used [0x00000007eab00000,0x00000007ec100000,0x00000007ec100000)
  from space 3072K, 97% used [0x00000007ec180000,0x00000007ec4701b0,0x00000007ec480000)
  to   space 3584K, 0% used [0x00000007ec480000,0x00000007ec480000,0x00000007ec800000)
 ParOldGen       total 68608K, used 11811K [0x00000007c0000000, 0x00000007c4300000, 0x00000007eab00000)
  object space 68608K, 17% used [0x00000007c0000000,0x00000007c0b88cb8,0x00000007c4300000)
 Metaspace       used 33353K, committed 33920K, reserved 1114112K
  class space    used 3367K, committed 3584K, reserved 1048576K
}
Event: 11.568 GC heap after
{Heap after GC invocations=9 (full 1):
 PSYoungGen      total 25600K, used 3270K [0x00000007eab00000, 0x00000007ec800000, 0x0000000800000000)
  eden space 22016K, 0% used [0x00000007eab00000,0x00000007eab00000,0x00000007ec080000)
  from space 3584K, 91% used [0x00000007ec480000,0x00000007ec7b1bc8,0x00000007ec800000)
  to   space 3584K, 0% used [0x00000007ec100000,0x00000007ec100000,0x00000007ec480000)
 ParOldGen       total 68608K, used 11811K [0x00000007c0000000, 0x00000007c4300000, 0x00000007eab00000)
  object space 68608K, 17% used [0x00000007c0000000,0x00000007c0b88cb8,0x00000007c4300000)
 Metaspace       used 33353K, committed 33920K, reserved 1114112K
  class space    used 3367K, committed 3584K, reserved 1048576K
}
Event: 12.108 GC heap before
{Heap before GC invocations=10 (full 1):
 PSYoungGen      total 25600K, used 22123K [0x00000007eab00000, 0x00000007ec800000, 0x0000000800000000)
  eden space 22016K, 85% used [0x00000007eab00000,0x00000007ebd691d8,0x00000007ec080000)
  from space 3584K, 91% used [0x00000007ec480000,0x00000007ec7b1bc8,0x00000007ec800000)
  to   space 3584K, 0% used [0x00000007ec100000,0x00000007ec100000,0x00000007ec480000)
 ParOldGen       total 68608K, used 11811K [0x00000007c0000000, 0x00000007c4300000, 0x00000007eab00000)
  object space 68608K, 17% used [0x00000007c0000000,0x00000007c0b88cb8,0x00000007c4300000)
 Metaspace       used 35249K, committed 35840K, reserved 1114112K
  class space    used 3606K, committed 3840K, reserved 1048576K
}
Event: 12.110 GC heap after
{Heap after GC invocations=10 (full 1):
 PSYoungGen      total 24064K, used 1593K [0x00000007eab00000, 0x00000007ec580000, 0x0000000800000000)
  eden space 22016K, 0% used [0x00000007eab00000,0x00000007eab00000,0x00000007ec080000)
  from space 2048K, 77% used [0x00000007ec100000,0x00000007ec28e458,0x00000007ec300000)
  to   space 2560K, 0% used [0x00000007ec300000,0x00000007ec300000,0x00000007ec580000)
 ParOldGen       total 68608K, used 14318K [0x00000007c0000000, 0x00000007c4300000, 0x00000007eab00000)
  object space 68608K, 20% used [0x00000007c0000000,0x00000007c0dfb850,0x00000007c4300000)
 Metaspace       used 35249K, committed 35840K, reserved 1114112K
  class space    used 3606K, committed 3840K, reserved 1048576K
}
Event: 12.110 GC heap before
{Heap before GC invocations=11 (full 2):
 PSYoungGen      total 24064K, used 1593K [0x00000007eab00000, 0x00000007ec580000, 0x0000000800000000)
  eden space 22016K, 0% used [0x00000007eab00000,0x00000007eab00000,0x00000007ec080000)
  from space 2048K, 77% used [0x00000007ec100000,0x00000007ec28e458,0x00000007ec300000)
  to   space 2560K, 0% used [0x00000007ec300000,0x00000007ec300000,0x00000007ec580000)
 ParOldGen       total 68608K, used 14318K [0x00000007c0000000, 0x00000007c4300000, 0x00000007eab00000)
  object space 68608K, 20% used [0x00000007c0000000,0x00000007c0dfb850,0x00000007c4300000)
 Metaspace       used 35249K, committed 35840K, reserved 1114112K
  class space    used 3606K, committed 3840K, reserved 1048576K
}
Event: 12.157 GC heap after
{Heap after GC invocations=11 (full 2):
 PSYoungGen      total 24064K, used 0K [0x00000007eab00000, 0x00000007ec580000, 0x0000000800000000)
  eden space 22016K, 0% used [0x00000007eab00000,0x00000007eab00000,0x00000007ec080000)
  from space 2048K, 0% used [0x00000007ec100000,0x00000007ec100000,0x00000007ec300000)
  to   space 2560K, 0% used [0x00000007ec300000,0x00000007ec300000,0x00000007ec580000)
 ParOldGen       total 68608K, used 13197K [0x00000007c0000000, 0x00000007c4300000, 0x00000007eab00000)
  object space 68608K, 19% used [0x00000007c0000000,0x00000007c0ce36c8,0x00000007c4300000)
 Metaspace       used 35249K, committed 35840K, reserved 1114112K
  class space    used 3606K, committed 3840K, reserved 1048576K
}
Event: 13.134 GC heap before
{Heap before GC invocations=12 (full 2):
 PSYoungGen      total 24064K, used 22016K [0x00000007eab00000, 0x00000007ec580000, 0x0000000800000000)
  eden space 22016K, 100% used [0x00000007eab00000,0x00000007ec080000,0x00000007ec080000)
  from space 2048K, 0% used [0x00000007ec100000,0x00000007ec100000,0x00000007ec300000)
  to   space 2560K, 0% used [0x00000007ec300000,0x00000007ec300000,0x00000007ec580000)
 ParOldGen       total 68608K, used 13197K [0x00000007c0000000, 0x00000007c4300000, 0x00000007eab00000)
  object space 68608K, 19% used [0x00000007c0000000,0x00000007c0ce36c8,0x00000007c4300000)
 Metaspace       used 37532K, committed 38272K, reserved 1114112K
  class space    used 3881K, committed 4224K, reserved 1048576K
}
Event: 13.135 GC heap after
{Heap after GC invocations=12 (full 2):
 PSYoungGen      total 23040K, used 945K [0x00000007eab00000, 0x00000007ec400000, 0x0000000800000000)
  eden space 22016K, 0% used [0x00000007eab00000,0x00000007eab00000,0x00000007ec080000)
  from space 1024K, 92% used [0x00000007ec300000,0x00000007ec3ec608,0x00000007ec400000)
  to   space 1536K, 0% used [0x00000007ec100000,0x00000007ec100000,0x00000007ec280000)
 ParOldGen       total 68608K, used 13205K [0x00000007c0000000, 0x00000007c4300000, 0x00000007eab00000)
  object space 68608K, 19% used [0x00000007c0000000,0x00000007c0ce56c8,0x00000007c4300000)
 Metaspace       used 37532K, committed 38272K, reserved 1114112K
  class space    used 3881K, committed 4224K, reserved 1048576K
}
Event: 13.636 GC heap before
{Heap before GC invocations=13 (full 2):
 PSYoungGen      total 23040K, used 22961K [0x00000007eab00000, 0x00000007ec400000, 0x0000000800000000)
  eden space 22016K, 100% used [0x00000007eab00000,0x00000007ec080000,0x00000007ec080000)
  from space 1024K, 92% used [0x00000007ec300000,0x00000007ec3ec608,0x00000007ec400000)
  to   space 1536K, 0% used [0x00000007ec100000,0x00000007ec100000,0x00000007ec280000)
 ParOldGen       total 68608K, used 13205K [0x00000007c0000000, 0x00000007c4300000, 0x00000007eab00000)
  object space 68608K, 19% used [0x00000007c0000000,0x00000007c0ce56c8,0x00000007c4300000)
 Metaspace       used 39998K, committed 40896K, reserved 1114112K
  class space    used 4194K, committed 4544K, reserved 1048576K
}
Event: 13.637 GC heap after
{Heap after GC invocations=13 (full 2):
 PSYoungGen      total 23552K, used 1045K [0x00000007eab00000, 0x00000007ec380000, 0x0000000800000000)
  eden space 22016K, 0% used [0x00000007eab00000,0x00000007eab00000,0x00000007ec080000)
  from space 1536K, 68% used [0x00000007ec100000,0x00000007ec205730,0x00000007ec280000)
  to   space 1024K, 0% used [0x00000007ec280000,0x00000007ec280000,0x00000007ec380000)
 ParOldGen       total 68608K, used 14006K [0x00000007c0000000, 0x00000007c4300000, 0x00000007eab00000)
  object space 68608K, 20% used [0x00000007c0000000,0x00000007c0dad8f0,0x00000007c4300000)
 Metaspace       used 39998K, committed 40896K, reserved 1114112K
  class space    used 4194K, committed 4544K, reserved 1048576K
}
Event: 14.342 GC heap before
{Heap before GC invocations=14 (full 2):
 PSYoungGen      total 23552K, used 23061K [0x00000007eab00000, 0x00000007ec380000, 0x0000000800000000)
  eden space 22016K, 100% used [0x00000007eab00000,0x00000007ec080000,0x00000007ec080000)
  from space 1536K, 68% used [0x00000007ec100000,0x00000007ec205730,0x00000007ec280000)
  to   space 1024K, 0% used [0x00000007ec280000,0x00000007ec280000,0x00000007ec380000)
 ParOldGen       total 68608K, used 14006K [0x00000007c0000000, 0x00000007c4300000, 0x00000007eab00000)
  object space 68608K, 20% used [0x00000007c0000000,0x00000007c0dad8f0,0x00000007c4300000)
 Metaspace       used 42804K, committed 43520K, reserved 1114112K
  class space    used 4575K, committed 4864K, reserved 1048576K
}
Event: 14.344 GC heap after
{Heap after GC invocations=14 (full 2):
 PSYoungGen      total 22528K, used 1024K [0x00000007eab00000, 0x00000007ec580000, 0x0000000800000000)
  eden space 21504K, 0% used [0x00000007eab00000,0x00000007eab00000,0x00000007ec000000)
  from space 1024K, 100% used [0x00000007ec280000,0x00000007ec380000,0x00000007ec380000)
  to   space 2560K, 0% used [0x00000007ec000000,0x00000007ec000000,0x00000007ec280000)
 ParOldGen       total 68608K, used 14894K [0x00000007c0000000, 0x00000007c4300000, 0x00000007eab00000)
  object space 68608K, 21% used [0x00000007c0000000,0x00000007c0e8b858,0x00000007c4300000)
 Metaspace       used 42804K, committed 43520K, reserved 1114112K
  class space    used 4575K, committed 4864K, reserved 1048576K
}
Event: 15.722 GC heap before
{Heap before GC invocations=15 (full 2):
 PSYoungGen      total 22528K, used 22528K [0x00000007eab00000, 0x00000007ec580000, 0x0000000800000000)
  eden space 21504K, 100% used [0x00000007eab00000,0x00000007ec000000,0x00000007ec000000)
  from space 1024K, 100% used [0x00000007ec280000,0x00000007ec380000,0x00000007ec380000)
  to   space 2560K, 0% used [0x00000007ec000000,0x00000007ec000000,0x00000007ec280000)
 ParOldGen       total 68608K, used 14894K [0x00000007c0000000, 0x00000007c4300000, 0x00000007eab00000)
  object space 68608K, 21% used [0x00000007c0000000,0x00000007c0e8b858,0x00000007c4300000)
 Metaspace       used 45327K, committed 46144K, reserved 1114112K
  class space    used 4907K, committed 5248K, reserved 1048576K
}
Event: 15.725 GC heap after
{Heap after GC invocations=15 (full 2):
 PSYoungGen      total 23040K, used 1216K [0x00000007eab00000, 0x00000007ec300000, 0x0000000800000000)
  eden space 21504K, 0% used [0x00000007eab00000,0x00000007eab00000,0x00000007ec000000)
  from space 1536K, 79% used [0x00000007ec000000,0x00000007ec130000,0x00000007ec180000)
  to   space 1536K, 0% used [0x00000007ec180000,0x00000007ec180000,0x00000007ec300000)
 ParOldGen       total 68608K, used 15842K [0x00000007c0000000, 0x00000007c4300000, 0x00000007eab00000)
  object space 68608K, 23% used [0x00000007c0000000,0x00000007c0f78ab8,0x00000007c4300000)
 Metaspace       used 45327K, committed 46144K, reserved 1114112K
  class space    used 4907K, committed 5248K, reserved 1048576K
}
Event: 16.800 GC heap before
{Heap before GC invocations=16 (full 2):
 PSYoungGen      total 23040K, used 22714K [0x00000007eab00000, 0x00000007ec300000, 0x0000000800000000)
  eden space 21504K, 99% used [0x00000007eab00000,0x00000007ebffe9f8,0x00000007ec000000)
  from space 1536K, 79% used [0x00000007ec000000,0x00000007ec130000,0x00000007ec180000)
  to   space 1536K, 0% used [0x00000007ec180000,0x00000007ec180000,0x00000007ec300000)
 ParOldGen       total 68608K, used 15842K [0x00000007c0000000, 0x00000007c4300000, 0x00000007eab00000)
  object space 68608K, 23% used [0x00000007c0000000,0x00000007c0f78ab8,0x00000007c4300000)
 Metaspace       used 47851K, committed 48768K, reserved 1114112K
  class space    used 5249K, committed 5632K, reserved 1048576K
}
Event: 16.802 GC heap after
{Heap after GC invocations=16 (full 2):
 PSYoungGen      total 21504K, used 1511K [0x00000007eab00000, 0x00000007ec600000, 0x0000000800000000)
  eden space 19968K, 0% used [0x00000007eab00000,0x00000007eab00000,0x00000007ebe80000)
  from space 1536K, 98% used [0x00000007ec180000,0x00000007ec2f9df0,0x00000007ec300000)
  to   space 3072K, 0% used [0x00000007ebe80000,0x00000007ebe80000,0x00000007ec180000)
 ParOldGen       total 68608K, used 17117K [0x00000007c0000000, 0x00000007c4300000, 0x00000007eab00000)
  object space 68608K, 24% used [0x00000007c0000000,0x00000007c10b77c8,0x00000007c4300000)
 Metaspace       used 47851K, committed 48768K, reserved 1114112K
  class space    used 5249K, committed 5632K, reserved 1048576K
}

